-------------------------------------------------------------------------------
Test set: starter.CucumberTestSuite
-------------------------------------------------------------------------------
Tests run: 66, Failures: 8, Errors: 0, Skipped: 0, Time elapsed: 47.686 s <<< FAILURE! - in starter.CucumberTestSuite
User fails to retrieve all farm details due to invalid endpoint(GET All Farm)  Time elapsed: 0.32 s  <<< FAILURE!
java.lang.AssertionError: 
1 expectation failed.
Expected status code <404> but was <500>.


User fails to retrieve all farm details due to unauthorized access(GET All Farm)  Time elapsed: 0.397 s  <<< FAILURE!
java.lang.AssertionError: 
1 expectation failed.
Expected status code <404> but was <500>.


User fails to retrieve farm details by invalid FarmID(Get Farm By FarmID)  Time elapsed: 0.339 s  <<< FAILURE!
java.lang.AssertionError: 
1 expectation failed.
Expected status code <400> but was <500>.


User fails to create a new product due to missing required fields(Create Product)  Time elapsed: 0.273 s  <<< FAILURE!
java.lang.AssertionError: 

Expected: <400>
     but: was <500>

User fails to create a new promo due to missing required fields(Create New Promo)  Time elapsed: 0.347 s  <<< FAILURE!
java.lang.AssertionError: 
1 expectation failed.
Expected status code <400> but was <500>.


User fails to retrieve a promo with a wrong PromoID(Get Promo By PromoID)  Time elapsed: 0.286 s  <<< FAILURE!
java.lang.AssertionError: 
1 expectation failed.
Expected status code <404> but was <500>.


User fails to retrieve a promo due to invalid endpoint(Get Promo By PromoID)  Time elapsed: 0.189 s  <<< FAILURE!
java.lang.AssertionError: 
1 expectation failed.
Expected status code <404> but was <500>.


User fails to edit a promo due to invalid PromoID(Edit Promo By PromoID)  Time elapsed: 0.254 s  <<< FAILURE!
java.lang.AssertionError: 
1 expectation failed.
Expected status code <404> but was <500>.


