<?xml version="1.0" encoding="UTF-8"?>
<testsuite xmlns:xsi="http://www.w3.org/2001/XMLSchema-instance" xsi:noNamespaceSchemaLocation="https://maven.apache.org/surefire/maven-failsafe-plugin/xsd/failsafe-test-report.xsd" name="starter.CucumberTestSuite" time="47.686" tests="66" errors="0" skipped="0" failures="8">
  <properties>
[...]
</properties>
  <testcase name="Admin successfully logs in with valid credentials" classname="Admin Login" time="12.609"/>
  <testcase name="Admin failed to log in due to invalid password" classname="Admin Login" time="0.662"/>
  <testcase name="Admin failed to log in due to invalid endpoint" classname="Admin Login" time="0.509"/>
  <testcase name="Admin user successfully created with valid data" classname="Create Admin User" time="1.335"/>
  <testcase name="Admin user creation failed due to duplicate email" classname="Create Admin User" time="0.56"/>
  <testcase name="Admin user creation failed due to invalid endpoint" classname="Create Admin User" time="0.329"/>
  <testcase name="User successfully logs in with valid data" classname="Customer Login" time="0.573"/>
  <testcase name="User fails to login due to incorrect password" classname="Customer Login" time="0.517"/>
  <testcase name="User fails to login due to invalid endpoint" classname="Customer Login" time="0.251"/>
  <testcase name="User successfully registers with valid data" classname="Register" time="0.871"/>
  <testcase name="User failed to register account due to duplicate data" classname="Register" time="0.466"/>
  <testcase name="User fails to register due to invalid endpoint" classname="Register" time="0.317"/>
  <testcase name="User retrieves all cities for a specific state successfully" classname="GET All Cities" time="1.863"/>
  <testcase name="User fails to retrieve cities for an invalid state ID" classname="GET All Cities" time="0.33"/>
  <testcase name="User fails to retrieve cities without proper authorization" classname="GET All Cities" time="0.282"/>
  <testcase name="User retrieves all states successfully" classname="GET All States" time="1.115"/>
  <testcase name="User fails to retrieve all states due to invalid endpoint" classname="GET All States" time="0.311"/>
  <testcase name="User fails to retrieve all states due to unauthorized access" classname="GET All States" time="0.284"/>
  <testcase name="I retrieve courier information successfully" classname="POST Get Courier" time="4.123"/>
  <testcase name="I fail to retrieve courier information due to invalid endpoint" classname="POST Get Courier" time="0.256"/>
  <testcase name="I fail to retrieve courier information due to missing required fields" classname="POST Get Courier" time="0.292"/>
  <testcase name="I add a new address successfully" classname="POST Add New Address" time="0.38"/>
  <testcase name="I fail to add a new address due to invalid endpoint" classname="POST Add New Address" time="0.35"/>
  <testcase name="I fail to add a new address due to missing required fields" classname="POST Add New Address" time="0.304"/>
  <testcase name="I retrieve all addresses successfully" classname="GET All Addresses" time="0.46"/>
  <testcase name="I fail to retrieve all addresses due to an invalid endpoint" classname="GET All Addresses" time="0.304"/>
  <testcase name="I fail to retrieve all addresses due to unauthorized access" classname="GET All Addresses" time="0.248"/>
  <testcase name="I retrieve the admin dashboard successfully" classname="GET Admin Dashboard" time="0.134"/>
  <testcase name="I fail to retrieve the admin dashboard due to an invalid endpoint" classname="GET Admin Dashboard" time="0.28"/>
  <testcase name="I fail to retrieve the admin dashboard due to unauthorized access" classname="GET Admin Dashboard" time="0.115"/>
  <testcase name="Customer views their dashboard successfully" classname="Customer Dashboard" time="0.125"/>
  <testcase name="Customer fails to view dashboard due to invalid endpoint" classname="Customer Dashboard" time="0.261"/>
  <testcase name="Customer fails to view dashboard due to unauthorized access" classname="Customer Dashboard" time="0.091"/>
  <testcase name="User successfully creates a new farm with valid data" classname="Create New Farm" time="0.805"/>
  <testcase name="User fails to create a new farm due to missing required fields" classname="Create New Farm" time="0.355"/>
  <testcase name="User fails to create a new farm due to invalid endpoint" classname="Create New Farm" time="0.327"/>
  <testcase name="User deletes farm by valid FarmID" classname="Delete Farm By FarmID" time="0.248"/>
  <testcase name="User fails to delete farm by invalid Endpoint" classname="Delete Farm By FarmID" time="0.27"/>
  <testcase name="User fails to delete farm without providing FarmID" classname="Delete Farm By FarmID" time="0.251"/>
  <testcase name="User successfully edits farm details by valid FarmID" classname="Edit Farm By FarmID" time="1.019"/>
  <testcase name="User fails to edit farm details with missing FarmID" classname="Edit Farm By FarmID" time="0.256"/>
  <testcase name="User fails to edit farm details with invalid endpoint" classname="Edit Farm By FarmID" time="0.562"/>
  <testcase name="User retrieves all farm details successfully" classname="GET All Farm" time="0.238"/>
  <testcase name="User fails to retrieve all farm details due to invalid endpoint" classname="GET All Farm" time="0.32">
    <failure message="1 expectation failed.&#10;Expected status code &lt;404&gt; but was &lt;500&gt;.&#10;" type="java.lang.AssertionError"><![CDATA[java.lang.AssertionError: 
1 expectation failed.
Expected status code <404> but was <500>.

]]></failure>
    <system-out><![CDATA[
Scenario: User fails to retrieve all farm details due to invalid endpoint &amp#27;[90m# src/test/resources/blueharvest-api/features/api/farm/GetAllFarm.feature:13&amp#27;[0m
22:21:13.978 [main] DEBUG io.cucumber.core.plugin.SerenityReporter -- Running feature from file:///F:/Alterra/Capstone/API/Blueharvest-API/Blueharvest%20-%20API/src/test/resources/blueharvest-api/features/api/farm/GetAllFarm.feature
22:21:13.984 [main] INFO  -- 
  _____   ___   ___   _____     ___   _____     _     ___   _____   ___   ___  
 |_   _| | __| / __| |_   _|   / __| |_   _|   /_\   | _ \ |_   _| | __| |   \ 
   | |   | _|  \__ \   | |     \__ \   | |    / _ \  |   /   | |   | _|  | |) |
   |_|   |___| |___/   |_|     |___/   |_|   /_/ \_\ |_|_\   |_|   |___| |___/ 

User fails to retrieve all farm details due to invalid endpoint(get-all-farm;user-fails-to-retrieve-all-farm-details-due-to-invalid-endpoint)
--------------------------------------------------------------------------------
  &amp#27;[32mGiven &amp#27;[0m&amp#27;[32ma user wants to retrieve all farm details&amp#27;[0m                         &amp#27;[90m# starter.stepdefinitions.farm.GetAllFarmSteps.givenAUserWantsToRetrieveAllFarmDetails()&amp#27;[0m
  &amp#27;[32mWhen &amp#27;[0m&amp#27;[32mthe user sends a GET request to an invalid endpoint&amp#27;[0m                &amp#27;[90m# starter.stepdefinitions.farm.GetAllFarmSteps.whenTheUserSendsAGetRequestToAnInvalidEndpoint()&amp#27;[0m
  &amp#27;[31mThen &amp#27;[0m&amp#27;[31mI receive status code 404&amp#27;[0m                                          &amp#27;[90m# starter.stepdefinitions.auth.CustomerRegisterSteps.receiveStatusCodeRegister404()&amp#27;[0m
      &amp#27;[31mjava.lang.AssertionError: 1 expectation failed.
Expected status code <404> but was <500>.

	at java.base/jdk.internal.reflect.NativeConstructorAccessorImpl.newInstance0(Native Method)
	at java.base/jdk.internal.reflect.NativeConstructorAccessorImpl.newInstance(NativeConstructorAccessorImpl.java:77)
	at java.base/jdk.internal.reflect.DelegatingConstructorAccessorImpl.newInstance(DelegatingConstructorAccessorImpl.java:45)
	at java.base/java.lang.reflect.Constructor.newInstanceWithCaller(Constructor.java:499)
	at java.base/java.lang.reflect.Constructor.newInstance(Constructor.java:480)
	at org.codehaus.groovy.reflection.CachedConstructor.invoke(CachedConstructor.java:73)
	at org.codehaus.groovy.runtime.callsite.ConstructorSite$ConstructorSiteNoUnwrapNoCoerce.callConstructor(ConstructorSite.java:108)
	at org.codehaus.groovy.runtime.callsite.CallSiteArray.defaultCallConstructor(CallSiteArray.java:57)
	at org.codehaus.groovy.runtime.callsite.AbstractCallSite.callConstructor(AbstractCallSite.java:263)
	at org.codehaus.groovy.runtime.callsite.AbstractCallSite.callConstructor(AbstractCallSite.java:277)
	at io.restassured.internal.ResponseSpecificationImpl$HamcrestAssertionClosure.validate(ResponseSpecificationImpl.groovy:512)
	at io.restassured.internal.ResponseSpecificationImpl$HamcrestAssertionClosure$validate$1.call(Unknown Source)
	at io.restassured.internal.ResponseSpecificationImpl.validateResponseIfRequired(ResponseSpecificationImpl.groovy:696)
	at io.restassured.internal.ResponseSpecificationImpl.this$2$validateResponseIfRequired(ResponseSpecificationImpl.groovy)
	at jdk.internal.reflect.GeneratedMethodAccessor74.invoke(Unknown Source)
	at java.base/jdk.internal.reflect.DelegatingMethodAccessorImpl.invoke(DelegatingMethodAccessorImpl.java:43)
	at java.base/java.lang.reflect.Method.invoke(Method.java:568)
	at org.codehaus.groovy.runtime.callsite.PlainObjectMetaMethodSite.doInvoke(PlainObjectMetaMethodSite.java:43)
	at org.codehaus.groovy.runtime.callsite.PogoMetaMethodSite$PogoCachedMethodSiteNoUnwrapNoCoerce.invoke(PogoMetaMethodSite.java:198)
	at org.codehaus.groovy.runtime.callsite.PogoMetaMethodSite.callCurrent(PogoMetaMethodSite.java:62)
	at org.codehaus.groovy.runtime.callsite.AbstractCallSite.callCurrent(AbstractCallSite.java:185)
	at io.restassured.internal.ResponseSpecificationImpl.statusCode(ResponseSpecificationImpl.groovy:135)
	at io.restassured.specification.ResponseSpecification$statusCode$0.callCurrent(Unknown Source)
	at io.restassured.internal.ResponseSpecificationImpl.statusCode(ResponseSpecificationImpl.groovy:143)
	at io.restassured.internal.ValidatableResponseOptionsImpl.statusCode(ValidatableResponseOptionsImpl.java:89)
	at starter.user.auth.CustomerRegister.lambda$receiveStatusCodeRegister404$9(CustomerRegister.java:106)
	at net.serenitybdd.rest.SerenityRest.restAssuredThat(SerenityRest.java:626)
	at starter.user.auth.CustomerRegister.receiveStatusCodeRegister404(CustomerRegister.java:106)
	at starter.stepdefinitions.auth.CustomerRegisterSteps.receiveStatusCodeRegister404(CustomerRegisterSteps.java:51)
	at âœ½.I receive status code 404(file:///F:/Alterra/Capstone/API/Blueharvest-API/Blueharvest%20-%20API/src/test/resources/blueharvest-api/features/api/farm/GetAllFarm.feature:16)
&amp#27;[0m
]]></system-out>
  </testcase>
  <testcase name="User fails to retrieve all farm details due to unauthorized access" classname="GET All Farm" time="0.397">
    <failure message="1 expectation failed.&#10;Expected status code &lt;404&gt; but was &lt;500&gt;.&#10;" type="java.lang.AssertionError"><![CDATA[java.lang.AssertionError: 
1 expectation failed.
Expected status code <404> but was <500>.

]]></failure>
    <system-out><![CDATA[22:21:14.293 [main] ERROR  -- 
  _____   ___   ___   _____     ___     _     ___   _      ___   ___  
 |_   _| | __| / __| |_   _|   | __|   /_\   |_ _| | |    | __| |   \ 
   | |   | _|  \__ \   | |     | _|   / _ \   | |  | |__  | _|  | |) |
   |_|   |___| |___/   |_|     |_|   /_/ \_\ |___| |____| |___| |___/ 

User fails to retrieve all farm details due to invalid endpoint
-----------------------------------------------------------------------
22:21:14.298 [main] DEBUG  -- RELATED ISSUES: 
22:21:14.480 [main] ERROR  --     Test failed at step: Then I receive status code 404
22:21:14.481 [main] ERROR  --     1 expectation failed.Expected status code <404> but was <500>.

Scenario: User fails to retrieve all farm details due to unauthorized access &amp#27;[90m# src/test/resources/blueharvest-api/features/api/farm/GetAllFarm.feature:18&amp#27;[0m
22:21:14.527 [main] DEBUG io.cucumber.core.plugin.SerenityReporter -- Running feature from file:///F:/Alterra/Capstone/API/Blueharvest-API/Blueharvest%20-%20API/src/test/resources/blueharvest-api/features/api/farm/GetAllFarm.feature
22:21:14.538 [main] INFO  -- 
  _____   ___   ___   _____     ___   _____     _     ___   _____   ___   ___  
 |_   _| | __| / __| |_   _|   / __| |_   _|   /_\   | _ \ |_   _| | __| |   \ 
   | |   | _|  \__ \   | |     \__ \   | |    / _ \  |   /   | |   | _|  | |) |
   |_|   |___| |___/   |_|     |___/   |_|   /_/ \_\ |_|_\   |_|   |___| |___/ 

User fails to retrieve all farm details due to unauthorized access(get-all-farm;user-fails-to-retrieve-all-farm-details-due-to-unauthorized-access)
--------------------------------------------------------------------------------
  &amp#27;[32mGiven &amp#27;[0m&amp#27;[32ma user wants to retrieve all farm details&amp#27;[0m                            &amp#27;[90m# starter.stepdefinitions.farm.GetAllFarmSteps.givenAUserWantsToRetrieveAllFarmDetails()&amp#27;[0m
  &amp#27;[32mWhen &amp#27;[0m&amp#27;[32mthe user sends a GET request without proper authorization&amp#27;[0m             &amp#27;[90m# starter.stepdefinitions.farm.GetAllFarmSteps.whenTheUserSendsAGetRequestWithoutProperAuthorization()&amp#27;[0m
  &amp#27;[31mThen &amp#27;[0m&amp#27;[31mI receive status code 404&amp#27;[0m                                             &amp#27;[90m# starter.stepdefinitions.auth.CustomerRegisterSteps.receiveStatusCodeRegister404()&amp#27;[0m
      &amp#27;[31mjava.lang.AssertionError: 1 expectation failed.
Expected status code <404> but was <500>.

	at java.base/jdk.internal.reflect.NativeConstructorAccessorImpl.newInstance0(Native Method)
	at java.base/jdk.internal.reflect.NativeConstructorAccessorImpl.newInstance(NativeConstructorAccessorImpl.java:77)
	at java.base/jdk.internal.reflect.DelegatingConstructorAccessorImpl.newInstance(DelegatingConstructorAccessorImpl.java:45)
	at java.base/java.lang.reflect.Constructor.newInstanceWithCaller(Constructor.java:499)
	at java.base/java.lang.reflect.Constructor.newInstance(Constructor.java:480)
	at org.codehaus.groovy.reflection.CachedConstructor.invoke(CachedConstructor.java:73)
	at org.codehaus.groovy.runtime.callsite.ConstructorSite$ConstructorSiteNoUnwrapNoCoerce.callConstructor(ConstructorSite.java:108)
	at org.codehaus.groovy.runtime.callsite.AbstractCallSite.callConstructor(AbstractCallSite.java:277)
	at io.restassured.internal.ResponseSpecificationImpl$HamcrestAssertionClosure.validate(ResponseSpecificationImpl.groovy:512)
	at io.restassured.internal.ResponseSpecificationImpl$HamcrestAssertionClosure$validate$1.call(Unknown Source)
	at io.restassured.internal.ResponseSpecificationImpl.validateResponseIfRequired(ResponseSpecificationImpl.groovy:696)
	at io.restassured.internal.ResponseSpecificationImpl.this$2$validateResponseIfRequired(ResponseSpecificationImpl.groovy)
	at jdk.internal.reflect.GeneratedMethodAccessor74.invoke(Unknown Source)
	at java.base/jdk.internal.reflect.DelegatingMethodAccessorImpl.invoke(DelegatingMethodAccessorImpl.java:43)
	at java.base/java.lang.reflect.Method.invoke(Method.java:568)
	at org.codehaus.groovy.runtime.callsite.PlainObjectMetaMethodSite.doInvoke(PlainObjectMetaMethodSite.java:43)
	at org.codehaus.groovy.runtime.callsite.PogoMetaMethodSite$PogoCachedMethodSiteNoUnwrapNoCoerce.invoke(PogoMetaMethodSite.java:198)
	at org.codehaus.groovy.runtime.callsite.PogoMetaMethodSite.callCurrent(PogoMetaMethodSite.java:62)
	at org.codehaus.groovy.runtime.callsite.AbstractCallSite.callCurrent(AbstractCallSite.java:185)
	at io.restassured.internal.ResponseSpecificationImpl.statusCode(ResponseSpecificationImpl.groovy:135)
	at io.restassured.specification.ResponseSpecification$statusCode$0.callCurrent(Unknown Source)
	at io.restassured.internal.ResponseSpecificationImpl.statusCode(ResponseSpecificationImpl.groovy:143)
	at io.restassured.internal.ValidatableResponseOptionsImpl.statusCode(ValidatableResponseOptionsImpl.java:89)
	at starter.user.auth.CustomerRegister.lambda$receiveStatusCodeRegister404$9(CustomerRegister.java:106)
	at net.serenitybdd.rest.SerenityRest.restAssuredThat(SerenityRest.java:626)
	at starter.user.auth.CustomerRegister.receiveStatusCodeRegister404(CustomerRegister.java:106)
	at starter.stepdefinitions.auth.CustomerRegisterSteps.receiveStatusCodeRegister404(CustomerRegisterSteps.java:51)
	at âœ½.I receive status code 404(file:///F:/Alterra/Capstone/API/Blueharvest-API/Blueharvest%20-%20API/src/test/resources/blueharvest-api/features/api/farm/GetAllFarm.feature:21)
&amp#27;[0m
]]></system-out>
  </testcase>
  <testcase name="User retrieves farm details by valid FarmID" classname="Get Farm By FarmID" time="0.538"/>
  <testcase name="User fails to retrieve farm details by invalid FarmID" classname="Get Farm By FarmID" time="0.339">
    <failure message="1 expectation failed.&#10;Expected status code &lt;400&gt; but was &lt;500&gt;.&#10;" type="java.lang.AssertionError"><![CDATA[java.lang.AssertionError: 
1 expectation failed.
Expected status code <400> but was <500>.

]]></failure>
    <system-out><![CDATA[
Scenario: User fails to retrieve farm details by invalid FarmID &amp#27;[90m# src/test/resources/blueharvest-api/features/api/farm/GetFarmByFarmID.feature:12&amp#27;[0m
22:21:15.493 [main] DEBUG io.cucumber.core.plugin.SerenityReporter -- Running feature from file:///F:/Alterra/Capstone/API/Blueharvest-API/Blueharvest%20-%20API/src/test/resources/blueharvest-api/features/api/farm/GetFarmByFarmID.feature
22:21:15.499 [main] INFO  -- 
  _____   ___   ___   _____     ___   _____     _     ___   _____   ___   ___  
 |_   _| | __| / __| |_   _|   / __| |_   _|   /_\   | _ \ |_   _| | __| |   \ 
   | |   | _|  \__ \   | |     \__ \   | |    / _ \  |   /   | |   | _|  | |) |
   |_|   |___| |___/   |_|     |___/   |_|   /_/ \_\ |_|_\   |_|   |___| |___/ 

User fails to retrieve farm details by invalid FarmID(get-farm-by-farmid;user-fails-to-retrieve-farm-details-by-invalid-farmid)
--------------------------------------------------------------------------------
  &amp#27;[32mGiven &amp#27;[0m&amp#27;[32mI set farm API endpoint for get farm by FarmID&amp#27;[0m          &amp#27;[90m# starter.stepdefinitions.farm.GetFarmByFarmIDSteps.iSetFarmApiEndpointForGetFarmByFarmID()&amp#27;[0m
  &amp#27;[32mWhen &amp#27;[0m&amp#27;[32mI send GET request to get farm by invalid FarmID&amp#27;[0m         &amp#27;[90m# starter.stepdefinitions.farm.GetFarmByFarmIDSteps.iSendGETRequestToGetFarmByInvalidFarmID()&amp#27;[0m
  &amp#27;[31mThen &amp#27;[0m&amp#27;[31mI receive status code 400&amp#27;[0m                                &amp#27;[90m# starter.stepdefinitions.auth.CustomerRegisterSteps.receiveStatusCodeRegister400()&amp#27;[0m
      &amp#27;[31mjava.lang.AssertionError: 1 expectation failed.
Expected status code <400> but was <500>.

	at java.base/jdk.internal.reflect.NativeConstructorAccessorImpl.newInstance0(Native Method)
	at java.base/jdk.internal.reflect.NativeConstructorAccessorImpl.newInstance(NativeConstructorAccessorImpl.java:77)
	at java.base/jdk.internal.reflect.DelegatingConstructorAccessorImpl.newInstance(DelegatingConstructorAccessorImpl.java:45)
	at java.base/java.lang.reflect.Constructor.newInstanceWithCaller(Constructor.java:499)
	at java.base/java.lang.reflect.Constructor.newInstance(Constructor.java:480)
	at org.codehaus.groovy.reflection.CachedConstructor.invoke(CachedConstructor.java:73)
	at org.codehaus.groovy.runtime.callsite.ConstructorSite$ConstructorSiteNoUnwrapNoCoerce.callConstructor(ConstructorSite.java:108)
	at org.codehaus.groovy.runtime.callsite.AbstractCallSite.callConstructor(AbstractCallSite.java:277)
	at io.restassured.internal.ResponseSpecificationImpl$HamcrestAssertionClosure.validate(ResponseSpecificationImpl.groovy:512)
	at io.restassured.internal.ResponseSpecificationImpl$HamcrestAssertionClosure$validate$1.call(Unknown Source)
	at io.restassured.internal.ResponseSpecificationImpl.validateResponseIfRequired(ResponseSpecificationImpl.groovy:696)
	at io.restassured.internal.ResponseSpecificationImpl.this$2$validateResponseIfRequired(ResponseSpecificationImpl.groovy)
	at jdk.internal.reflect.GeneratedMethodAccessor74.invoke(Unknown Source)
	at java.base/jdk.internal.reflect.DelegatingMethodAccessorImpl.invoke(DelegatingMethodAccessorImpl.java:43)
	at java.base/java.lang.reflect.Method.invoke(Method.java:568)
	at org.codehaus.groovy.runtime.callsite.PlainObjectMetaMethodSite.doInvoke(PlainObjectMetaMethodSite.java:43)
	at org.codehaus.groovy.runtime.callsite.PogoMetaMethodSite$PogoCachedMethodSiteNoUnwrapNoCoerce.invoke(PogoMetaMethodSite.java:198)
	at org.codehaus.groovy.runtime.callsite.PogoMetaMethodSite.callCurrent(PogoMetaMethodSite.java:62)
	at org.codehaus.groovy.runtime.callsite.AbstractCallSite.callCurrent(AbstractCallSite.java:185)
	at io.restassured.internal.ResponseSpecificationImpl.statusCode(ResponseSpecificationImpl.groovy:135)
	at io.restassured.specification.ResponseSpecification$statusCode$0.callCurrent(Unknown Source)
	at io.restassured.internal.ResponseSpecificationImpl.statusCode(ResponseSpecificationImpl.groovy:143)
	at io.restassured.internal.ValidatableResponseOptionsImpl.statusCode(ValidatableResponseOptionsImpl.java:89)
	at starter.user.auth.CustomerRegister.lambda$receiveStatusCodeRegister400$8(CustomerRegister.java:101)
	at net.serenitybdd.rest.SerenityRest.restAssuredThat(SerenityRest.java:626)
	at starter.user.auth.CustomerRegister.receiveStatusCodeRegister400(CustomerRegister.java:101)
	at starter.stepdefinitions.auth.CustomerRegisterSteps.receiveStatusCodeRegister400(CustomerRegisterSteps.java:47)
	at âœ½.I receive status code 400(file:///F:/Alterra/Capstone/API/Blueharvest-API/Blueharvest%20-%20API/src/test/resources/blueharvest-api/features/api/farm/GetFarmByFarmID.feature:15)
&amp#27;[0m
]]></system-out>
  </testcase>
  <testcase name="User fails to retrieve farm details with missing FarmID" classname="Get Farm By FarmID" time="0.228"/>
  <testcase name="User creates a new product successfully" classname="Create Product" time="0.483"/>
  <testcase name="User fails to create a new product due to missing required fields" classname="Create Product" time="0.273">
    <failure message="&#10;Expected: &lt;400&gt;&#10;     but: was &lt;500&gt;" type="java.lang.AssertionError"><![CDATA[java.lang.AssertionError: 

Expected: <400>
     but: was <500>
]]></failure>
    <system-out><![CDATA[
Scenario: User fails to create a new product due to missing required fields  &amp#27;[90m# src/test/resources/blueharvest-api/features/api/product/admin/CreateProduct.feature:12&amp#27;[0m
22:21:16.577 [main] DEBUG io.cucumber.core.plugin.SerenityReporter -- Running feature from file:///F:/Alterra/Capstone/API/Blueharvest-API/Blueharvest%20-%20API/src/test/resources/blueharvest-api/features/api/product/admin/CreateProduct.feature
22:21:16.582 [main] INFO  -- 
  _____   ___   ___   _____     ___   _____     _     ___   _____   ___   ___  
 |_   _| | __| / __| |_   _|   / __| |_   _|   /_\   | _ \ |_   _| | __| |   \ 
   | |   | _|  \__ \   | |     \__ \   | |    / _ \  |   /   | |   | _|  | |) |
   |_|   |___| |___/   |_|     |___/   |_|   /_/ \_\ |_|_\   |_|   |___| |___/ 

User fails to create a new product due to missing required fields(create-product;user-fails-to-create-a-new-product-due-to-missing-required-fields)
--------------------------------------------------------------------------------
  &amp#27;[32mGiven &amp#27;[0m&amp#27;[32mI set API endpoint for creating a new product&amp#27;[0m                        &amp#27;[90m# starter.stepdefinitions.product.admin.CreateProductSteps.setApiEndpointForCreatingNewProduct()&amp#27;[0m
HTTP/1.1 500 Internal Server Error
Date: Thu, 13 Jun 2024 15:21:16 GMT
Content-Type: application/json
Content-Length: 83
Connection: keep-alive
Vary: Origin
CF-Cache-Status: DYNAMIC
Report-To: {"endpoints":[{"url":"https:\/\/a.nel.cloudflare.com\/report\/v4?s=jvDqso%2BkfLdXnJpVWJjBPmdCAe2kQmW03CEPwDuCjlQFW%2FBoY25tLpsY%2BT0DgNkRA%2B1ORIozZmTlCrKlXaXWMubwHk8rdisbvMTDtlaentIGqoHZBjEv4cp2POmi%2FbPCPtHr%2BvHAOFvWWg%3D%3D"}],"group":"cf-nel","max_age":604800}
NEL: {"success_fraction":0,"report_to":"cf-nel","max_age":604800}
Server: cloudflare
CF-RAY: 893311c4ca594691-SIN
alt-svc: h3=":443"; ma=86400

{
    "status": false,
    "message": "code=400, message=unknown type, internal=unknown type"
}
Response status code: 500
Response body: {"status":false,"message":"code=400, message=unknown type, internal=unknown type"}

  &amp#27;[31mWhen &amp#27;[0m&amp#27;[31mI send a POST request to create a new product without required fields&amp#27;[0m &amp#27;[90m# starter.stepdefinitions.product.admin.CreateProductSteps.sendPostRequestToCreateProductWithoutRequiredFields()&amp#27;[0m
      &amp#27;[31mjava.lang.AssertionError: 
Expected: <400>
     but: was <500>
	at org.hamcrest.MatcherAssert.assertThat(MatcherAssert.java:20)
	at org.hamcrest.MatcherAssert.assertThat(MatcherAssert.java:6)
	at starter.user.product.admin.CreateProduct.sendPostRequestToCreateProductWithoutRequiredFields(CreateProduct.java:65)
	at starter.stepdefinitions.product.admin.CreateProductSteps.sendPostRequestToCreateProductWithoutRequiredFields(CreateProductSteps.java:24)
	at âœ½.I send a POST request to create a new product without required fields(file:///F:/Alterra/Capstone/API/Blueharvest-API/Blueharvest%20-%20API/src/test/resources/blueharvest-api/features/api/product/admin/CreateProduct.feature:14)
&amp#27;[0m
  &amp#27;[36mThen &amp#27;[0m&amp#27;[36mI receive status code 400&amp#27;[0m                                             &amp#27;[90m# starter.stepdefinitions.auth.CustomerRegisterSteps.receiveStatusCodeRegister400()&amp#27;[0m
  &amp#27;[36mAnd &amp#27;[0m&amp#27;[36mI receive an error message about missing fields&amp#27;[0m                        &amp#27;[90m# starter.stepdefinitions.farm.CreateNewFarmSteps.iReceiveErrorMessageAboutMissingFields()&amp#27;[0m
]]></system-out>
  </testcase>
  <testcase name="User fails to create a new product due to invalid authorization token" classname="Create Product" time="0.273"/>
  <testcase name="User successfully creates a new promo with valid data" classname="Create New Promo" time="0.509"/>
  <testcase name="User fails to create a new promo due to missing required fields" classname="Create New Promo" time="0.347">
    <failure message="1 expectation failed.&#10;Expected status code &lt;400&gt; but was &lt;500&gt;.&#10;" type="java.lang.AssertionError"><![CDATA[java.lang.AssertionError: 
1 expectation failed.
Expected status code <400> but was <500>.

]]></failure>
    <system-out><![CDATA[
Scenario: User fails to create a new promo due to missing required fields &amp#27;[90m# src/test/resources/blueharvest-api/features/api/promo/Admin/CreateNewPromo.feature:11&amp#27;[0m
22:21:17.664 [main] DEBUG io.cucumber.core.plugin.SerenityReporter -- Running feature from file:///F:/Alterra/Capstone/API/Blueharvest-API/Blueharvest%20-%20API/src/test/resources/blueharvest-api/features/api/promo/Admin/CreateNewPromo.feature
22:21:17.671 [main] INFO  -- 
  _____   ___   ___   _____     ___   _____     _     ___   _____   ___   ___  
 |_   _| | __| / __| |_   _|   / __| |_   _|   /_\   | _ \ |_   _| | __| |   \ 
   | |   | _|  \__ \   | |     \__ \   | |    / _ \  |   /   | |   | _|  | |) |
   |_|   |___| |___/   |_|     |___/   |_|   /_/ \_\ |_|_\   |_|   |___| |___/ 

User fails to create a new promo due to missing required fields(create-new-promo;user-fails-to-create-a-new-promo-due-to-missing-required-fields)
--------------------------------------------------------------------------------
  &amp#27;[32mGiven &amp#27;[0m&amp#27;[32mI set API endpoint for creating a new promo&amp#27;[0m                       &amp#27;[90m# starter.stepdefinitions.promo.admin.CreateNewPromoSteps.iSetApiEndpointForCreatingANewPromo()&amp#27;[0m
  &amp#27;[32mWhen &amp#27;[0m&amp#27;[32mI send a POST request promo with missing required fields&amp#27;[0m           &amp#27;[90m# starter.stepdefinitions.promo.admin.CreateNewPromoSteps.sendCreatePromoRequestWithMissingRequiredFields()&amp#27;[0m
  &amp#27;[31mThen &amp#27;[0m&amp#27;[31mI receive status code 400&amp#27;[0m                                          &amp#27;[90m# starter.stepdefinitions.auth.CustomerRegisterSteps.receiveStatusCodeRegister400()&amp#27;[0m
      &amp#27;[31mjava.lang.AssertionError: 1 expectation failed.
Expected status code <400> but was <500>.

	at java.base/jdk.internal.reflect.NativeConstructorAccessorImpl.newInstance0(Native Method)
	at java.base/jdk.internal.reflect.NativeConstructorAccessorImpl.newInstance(NativeConstructorAccessorImpl.java:77)
	at java.base/jdk.internal.reflect.DelegatingConstructorAccessorImpl.newInstance(DelegatingConstructorAccessorImpl.java:45)
	at java.base/java.lang.reflect.Constructor.newInstanceWithCaller(Constructor.java:499)
	at java.base/java.lang.reflect.Constructor.newInstance(Constructor.java:480)
	at org.codehaus.groovy.reflection.CachedConstructor.invoke(CachedConstructor.java:73)
	at org.codehaus.groovy.runtime.callsite.ConstructorSite$ConstructorSiteNoUnwrapNoCoerce.callConstructor(ConstructorSite.java:108)
	at org.codehaus.groovy.runtime.callsite.AbstractCallSite.callConstructor(AbstractCallSite.java:277)
	at io.restassured.internal.ResponseSpecificationImpl$HamcrestAssertionClosure.validate(ResponseSpecificationImpl.groovy:512)
	at io.restassured.internal.ResponseSpecificationImpl$HamcrestAssertionClosure$validate$1.call(Unknown Source)
	at io.restassured.internal.ResponseSpecificationImpl.validateResponseIfRequired(ResponseSpecificationImpl.groovy:696)
	at io.restassured.internal.ResponseSpecificationImpl.this$2$validateResponseIfRequired(ResponseSpecificationImpl.groovy)
	at jdk.internal.reflect.GeneratedMethodAccessor74.invoke(Unknown Source)
	at java.base/jdk.internal.reflect.DelegatingMethodAccessorImpl.invoke(DelegatingMethodAccessorImpl.java:43)
	at java.base/java.lang.reflect.Method.invoke(Method.java:568)
	at org.codehaus.groovy.runtime.callsite.PlainObjectMetaMethodSite.doInvoke(PlainObjectMetaMethodSite.java:43)
	at org.codehaus.groovy.runtime.callsite.PogoMetaMethodSite$PogoCachedMethodSiteNoUnwrapNoCoerce.invoke(PogoMetaMethodSite.java:198)
	at org.codehaus.groovy.runtime.callsite.PogoMetaMethodSite.callCurrent(PogoMetaMethodSite.java:62)
	at org.codehaus.groovy.runtime.callsite.AbstractCallSite.callCurrent(AbstractCallSite.java:185)
	at io.restassured.internal.ResponseSpecificationImpl.statusCode(ResponseSpecificationImpl.groovy:135)
	at io.restassured.specification.ResponseSpecification$statusCode$0.callCurrent(Unknown Source)
	at io.restassured.internal.ResponseSpecificationImpl.statusCode(ResponseSpecificationImpl.groovy:143)
	at io.restassured.internal.ValidatableResponseOptionsImpl.statusCode(ValidatableResponseOptionsImpl.java:89)
	at starter.user.auth.CustomerRegister.lambda$receiveStatusCodeRegister400$8(CustomerRegister.java:101)
	at net.serenitybdd.rest.SerenityRest.restAssuredThat(SerenityRest.java:626)
	at starter.user.auth.CustomerRegister.receiveStatusCodeRegister400(CustomerRegister.java:101)
	at starter.stepdefinitions.auth.CustomerRegisterSteps.receiveStatusCodeRegister400(CustomerRegisterSteps.java:47)
	at âœ½.I receive status code 400(file:///F:/Alterra/Capstone/API/Blueharvest-API/Blueharvest%20-%20API/src/test/resources/blueharvest-api/features/api/promo/Admin/CreateNewPromo.feature:14)
&amp#27;[0m
  &amp#27;[36mAnd &amp#27;[0m&amp#27;[36mI receive an error promo message about unauthorized access&amp#27;[0m          &amp#27;[90m# starter.stepdefinitions.promo.admin.CreateNewPromoSteps.iReceiveAnErrorPromoMessageAboutUnauthorizedAccess()&amp#27;[0m
]]></system-out>
  </testcase>
  <testcase name="User fails to create a new promo due to invalid endpoint" classname="Create New Promo" time="0.269"/>
  <testcase name="User deletes promo by valid PromoID" classname="Delete Promo By PromoID" time="0.096"/>
  <testcase name="User fails to delete promo by invalid Endpoint" classname="Delete Promo By PromoID" time="0.274"/>
  <testcase name="User fails to delete promo without providing PromoID" classname="Delete Promo By PromoID" time="0.247"/>
  <testcase name="User successfully retrieves all promos with valid data" classname="Get All Promos" time="0.34"/>
  <testcase name="User fails to retrieve all promos due to invalid endpoint" classname="Get All Promos" time="0.565"/>
  <testcase name="User fails to retrieve all farm details due to unauthorized access" classname="Get All Promos" time="0.231"/>
  <testcase name="User successfully retrieves a promo with a valid PromoID" classname="Get Promo By PromoID" time="0.434"/>
  <testcase name="User fails to retrieve a promo with a wrong PromoID" classname="Get Promo By PromoID" time="0.286">
    <failure message="1 expectation failed.&#10;Expected status code &lt;404&gt; but was &lt;500&gt;.&#10;" type="java.lang.AssertionError"><![CDATA[java.lang.AssertionError: 
1 expectation failed.
Expected status code <404> but was <500>.

]]></failure>
    <system-out><![CDATA[
Scenario: User fails to retrieve a promo with a wrong PromoID          &amp#27;[90m# src/test/resources/blueharvest-api/features/api/promo/Admin/GetPromoByPromoID.feature:12&amp#27;[0m
22:21:20.517 [main] DEBUG io.cucumber.core.plugin.SerenityReporter -- Running feature from file:///F:/Alterra/Capstone/API/Blueharvest-API/Blueharvest%20-%20API/src/test/resources/blueharvest-api/features/api/promo/Admin/GetPromoByPromoID.feature
22:21:20.522 [main] INFO  -- 
  _____   ___   ___   _____     ___   _____     _     ___   _____   ___   ___  
 |_   _| | __| / __| |_   _|   / __| |_   _|   /_\   | _ \ |_   _| | __| |   \ 
   | |   | _|  \__ \   | |     \__ \   | |    / _ \  |   /   | |   | _|  | |) |
   |_|   |___| |___/   |_|     |___/   |_|   /_/ \_\ |_|_\   |_|   |___| |___/ 

User fails to retrieve a promo with a wrong PromoID(get-promo-by-promoid;user-fails-to-retrieve-a-promo-with-a-wrong-promoid)
--------------------------------------------------------------------------------
  &amp#27;[32mGiven &amp#27;[0m&amp#27;[32mI set API endpoint for retrieving a promo by PromoID&amp#27;[0m           &amp#27;[90m# starter.stepdefinitions.promo.admin.GetPromoByPromoIDSteps.iSetApiEndpointForRetrievingAPromoByPromoID()&amp#27;[0m
  &amp#27;[32mWhen &amp#27;[0m&amp#27;[32mI send a GET request to retrieve the promo with a wrong PromoID&amp#27;[0m &amp#27;[90m# starter.stepdefinitions.promo.admin.GetPromoByPromoIDSteps.iSendAGetRequestToRetrieveThePromoWithAWrongPromoID()&amp#27;[0m
  &amp#27;[31mThen &amp#27;[0m&amp#27;[31mI receive status code 404&amp#27;[0m                                       &amp#27;[90m# starter.stepdefinitions.auth.CustomerRegisterSteps.receiveStatusCodeRegister404()&amp#27;[0m
      &amp#27;[31mjava.lang.AssertionError: 1 expectation failed.
Expected status code <404> but was <500>.

	at java.base/jdk.internal.reflect.NativeConstructorAccessorImpl.newInstance0(Native Method)
	at java.base/jdk.internal.reflect.NativeConstructorAccessorImpl.newInstance(NativeConstructorAccessorImpl.java:77)
	at java.base/jdk.internal.reflect.DelegatingConstructorAccessorImpl.newInstance(DelegatingConstructorAccessorImpl.java:45)
	at java.base/java.lang.reflect.Constructor.newInstanceWithCaller(Constructor.java:499)
	at java.base/java.lang.reflect.Constructor.newInstance(Constructor.java:480)
	at org.codehaus.groovy.reflection.CachedConstructor.invoke(CachedConstructor.java:73)
	at org.codehaus.groovy.runtime.callsite.ConstructorSite$ConstructorSiteNoUnwrapNoCoerce.callConstructor(ConstructorSite.java:108)
	at org.codehaus.groovy.runtime.callsite.AbstractCallSite.callConstructor(AbstractCallSite.java:277)
	at io.restassured.internal.ResponseSpecificationImpl$HamcrestAssertionClosure.validate(ResponseSpecificationImpl.groovy:512)
	at io.restassured.internal.ResponseSpecificationImpl$HamcrestAssertionClosure$validate$1.call(Unknown Source)
	at io.restassured.internal.ResponseSpecificationImpl.validateResponseIfRequired(ResponseSpecificationImpl.groovy:696)
	at io.restassured.internal.ResponseSpecificationImpl.this$2$validateResponseIfRequired(ResponseSpecificationImpl.groovy)
	at jdk.internal.reflect.GeneratedMethodAccessor74.invoke(Unknown Source)
	at java.base/jdk.internal.reflect.DelegatingMethodAccessorImpl.invoke(DelegatingMethodAccessorImpl.java:43)
	at java.base/java.lang.reflect.Method.invoke(Method.java:568)
	at org.codehaus.groovy.runtime.callsite.PlainObjectMetaMethodSite.doInvoke(PlainObjectMetaMethodSite.java:43)
	at org.codehaus.groovy.runtime.callsite.PogoMetaMethodSite$PogoCachedMethodSiteNoUnwrapNoCoerce.invoke(PogoMetaMethodSite.java:198)
	at org.codehaus.groovy.runtime.callsite.PogoMetaMethodSite.callCurrent(PogoMetaMethodSite.java:62)
	at org.codehaus.groovy.runtime.callsite.AbstractCallSite.callCurrent(AbstractCallSite.java:185)
	at io.restassured.internal.ResponseSpecificationImpl.statusCode(ResponseSpecificationImpl.groovy:135)
	at io.restassured.specification.ResponseSpecification$statusCode$0.callCurrent(Unknown Source)
	at io.restassured.internal.ResponseSpecificationImpl.statusCode(ResponseSpecificationImpl.groovy:143)
	at io.restassured.internal.ValidatableResponseOptionsImpl.statusCode(ValidatableResponseOptionsImpl.java:89)
	at starter.user.auth.CustomerRegister.lambda$receiveStatusCodeRegister404$9(CustomerRegister.java:106)
	at net.serenitybdd.rest.SerenityRest.restAssuredThat(SerenityRest.java:626)
	at starter.user.auth.CustomerRegister.receiveStatusCodeRegister404(CustomerRegister.java:106)
	at starter.stepdefinitions.auth.CustomerRegisterSteps.receiveStatusCodeRegister404(CustomerRegisterSteps.java:51)
	at âœ½.I receive status code 404(file:///F:/Alterra/Capstone/API/Blueharvest-API/Blueharvest%20-%20API/src/test/resources/blueharvest-api/features/api/promo/Admin/GetPromoByPromoID.feature:15)
&amp#27;[0m
  &amp#27;[36mAnd &amp#27;[0m&amp#27;[36mI receive an error message about promo not found&amp#27;[0m                 &amp#27;[90m# starter.stepdefinitions.promo.admin.GetPromoByPromoIDSteps.iReceiveAnErrorMessageAboutPromoNotFound()&amp#27;[0m
]]></system-out>
  </testcase>
  <testcase name="User fails to retrieve a promo due to invalid endpoint" classname="Get Promo By PromoID" time="0.189">
    <failure message="1 expectation failed.&#10;Expected status code &lt;404&gt; but was &lt;500&gt;.&#10;" type="java.lang.AssertionError"><![CDATA[java.lang.AssertionError: 
1 expectation failed.
Expected status code <404> but was <500>.

]]></failure>
    <system-out><![CDATA[22:21:20.799 [main] ERROR  -- 
  _____   ___   ___   _____     ___     _     ___   _      ___   ___  
 |_   _| | __| / __| |_   _|   | __|   /_\   |_ _| | |    | __| |   \ 
   | |   | _|  \__ \   | |     | _|   / _ \   | |  | |__  | _|  | |) |
   |_|   |___| |___/   |_|     |_|   /_/ \_\ |___| |____| |___| |___/ 

User fails to retrieve a promo with a wrong PromoID
-----------------------------------------------------------------------
22:21:20.799 [main] DEBUG  -- RELATED ISSUES: 
22:21:20.800 [main] ERROR  --     Test failed at step: Then I receive status code 404
22:21:20.800 [main] ERROR  --     1 expectation failed.Expected status code <404> but was <500>.

Scenario: User fails to retrieve a promo due to invalid endpoint                              &amp#27;[90m# src/test/resources/blueharvest-api/features/api/promo/Admin/GetPromoByPromoID.feature:18&amp#27;[0m
22:21:20.825 [main] DEBUG io.cucumber.core.plugin.SerenityReporter -- Running feature from file:///F:/Alterra/Capstone/API/Blueharvest-API/Blueharvest%20-%20API/src/test/resources/blueharvest-api/features/api/promo/Admin/GetPromoByPromoID.feature
22:21:20.830 [main] INFO  -- 
  _____   ___   ___   _____     ___   _____     _     ___   _____   ___   ___  
 |_   _| | __| / __| |_   _|   / __| |_   _|   /_\   | _ \ |_   _| | __| |   \ 
   | |   | _|  \__ \   | |     \__ \   | |    / _ \  |   /   | |   | _|  | |) |
   |_|   |___| |___/   |_|     |___/   |_|   /_/ \_\ |_|_\   |_|   |___| |___/ 

User fails to retrieve a promo due to invalid endpoint(get-promo-by-promoid;user-fails-to-retrieve-a-promo-due-to-invalid-endpoint)
--------------------------------------------------------------------------------
  &amp#27;[32mGiven &amp#27;[0m&amp#27;[32mI set an invalid API endpoint for retrieving a promo by PromoID&amp#27;[0m                       &amp#27;[90m# starter.stepdefinitions.promo.admin.GetPromoByPromoIDSteps.iSetAnInvalidApiEndpointForRetrievingAPromoByPromoID()&amp#27;[0m
  &amp#27;[32mWhen &amp#27;[0m&amp#27;[32mI send a GET request to retrieve the promo with a valid PromoID to an invalid endpoint&amp#27;[0m &amp#27;[90m# starter.stepdefinitions.promo.admin.GetPromoByPromoIDSteps.iSendAGetRequestToRetrieveThePromoWithAValidPromoIDToAnInvalidEndpoint()&amp#27;[0m
  &amp#27;[31mThen &amp#27;[0m&amp#27;[31mI receive status code 404&amp#27;[0m                                                              &amp#27;[90m# starter.stepdefinitions.auth.CustomerRegisterSteps.receiveStatusCodeRegister404()&amp#27;[0m
      &amp#27;[31mjava.lang.AssertionError: 1 expectation failed.
Expected status code <404> but was <500>.

	at java.base/jdk.internal.reflect.NativeConstructorAccessorImpl.newInstance0(Native Method)
	at java.base/jdk.internal.reflect.NativeConstructorAccessorImpl.newInstance(NativeConstructorAccessorImpl.java:77)
	at java.base/jdk.internal.reflect.DelegatingConstructorAccessorImpl.newInstance(DelegatingConstructorAccessorImpl.java:45)
	at java.base/java.lang.reflect.Constructor.newInstanceWithCaller(Constructor.java:499)
	at java.base/java.lang.reflect.Constructor.newInstance(Constructor.java:480)
	at org.codehaus.groovy.reflection.CachedConstructor.invoke(CachedConstructor.java:73)
	at org.codehaus.groovy.runtime.callsite.ConstructorSite$ConstructorSiteNoUnwrapNoCoerce.callConstructor(ConstructorSite.java:108)
	at org.codehaus.groovy.runtime.callsite.AbstractCallSite.callConstructor(AbstractCallSite.java:277)
	at io.restassured.internal.ResponseSpecificationImpl$HamcrestAssertionClosure.validate(ResponseSpecificationImpl.groovy:512)
	at io.restassured.internal.ResponseSpecificationImpl$HamcrestAssertionClosure$validate$1.call(Unknown Source)
	at io.restassured.internal.ResponseSpecificationImpl.validateResponseIfRequired(ResponseSpecificationImpl.groovy:696)
	at io.restassured.internal.ResponseSpecificationImpl.this$2$validateResponseIfRequired(ResponseSpecificationImpl.groovy)
	at jdk.internal.reflect.GeneratedMethodAccessor74.invoke(Unknown Source)
	at java.base/jdk.internal.reflect.DelegatingMethodAccessorImpl.invoke(DelegatingMethodAccessorImpl.java:43)
	at java.base/java.lang.reflect.Method.invoke(Method.java:568)
	at org.codehaus.groovy.runtime.callsite.PlainObjectMetaMethodSite.doInvoke(PlainObjectMetaMethodSite.java:43)
	at org.codehaus.groovy.runtime.callsite.PogoMetaMethodSite$PogoCachedMethodSiteNoUnwrapNoCoerce.invoke(PogoMetaMethodSite.java:198)
	at org.codehaus.groovy.runtime.callsite.PogoMetaMethodSite.callCurrent(PogoMetaMethodSite.java:62)
	at org.codehaus.groovy.runtime.callsite.AbstractCallSite.callCurrent(AbstractCallSite.java:185)
	at io.restassured.internal.ResponseSpecificationImpl.statusCode(ResponseSpecificationImpl.groovy:135)
	at io.restassured.specification.ResponseSpecification$statusCode$0.callCurrent(Unknown Source)
	at io.restassured.internal.ResponseSpecificationImpl.statusCode(ResponseSpecificationImpl.groovy:143)
	at io.restassured.internal.ValidatableResponseOptionsImpl.statusCode(ValidatableResponseOptionsImpl.java:89)
	at starter.user.auth.CustomerRegister.lambda$receiveStatusCodeRegister404$9(CustomerRegister.java:106)
	at net.serenitybdd.rest.SerenityRest.restAssuredThat(SerenityRest.java:626)
	at starter.user.auth.CustomerRegister.receiveStatusCodeRegister404(CustomerRegister.java:106)
	at starter.stepdefinitions.auth.CustomerRegisterSteps.receiveStatusCodeRegister404(CustomerRegisterSteps.java:51)
	at âœ½.I receive status code 404(file:///F:/Alterra/Capstone/API/Blueharvest-API/Blueharvest%20-%20API/src/test/resources/blueharvest-api/features/api/promo/Admin/GetPromoByPromoID.feature:21)
&amp#27;[0m
  &amp#27;[36mAnd &amp#27;[0m&amp#27;[36mI receive an error message about the endpoint not being found&amp#27;[0m                           &amp#27;[90m# starter.stepdefinitions.auth.AdminLoginSteps.iReceiveAnErrorMessageAboutTheEndpointNotBeingFound()&amp#27;[0m
]]></system-out>
  </testcase>
  <testcase name="User successfully edits a promo with valid data" classname="Edit Promo By PromoID" time="0.457"/>
  <testcase name="User fails to edit a promo due to missing promo id" classname="Edit Promo By PromoID" time="0.226"/>
  <testcase name="User fails to edit a promo due to invalid PromoID" classname="Edit Promo By PromoID" time="0.254">
    <failure message="1 expectation failed.&#10;Expected status code &lt;404&gt; but was &lt;500&gt;.&#10;" type="java.lang.AssertionError"><![CDATA[java.lang.AssertionError: 
1 expectation failed.
Expected status code <404> but was <500>.

]]></failure>
    <system-out><![CDATA[
Scenario: User fails to edit a promo due to invalid PromoID                       &amp#27;[90m# src/test/resources/blueharvest-api/features/api/promo/Admin/UpdatePromoByPromoID.feature:17&amp#27;[0m
22:21:21.728 [main] DEBUG io.cucumber.core.plugin.SerenityReporter -- Running feature from file:///F:/Alterra/Capstone/API/Blueharvest-API/Blueharvest%20-%20API/src/test/resources/blueharvest-api/features/api/promo/Admin/UpdatePromoByPromoID.feature
22:21:21.735 [main] INFO  -- 
  _____   ___   ___   _____     ___   _____     _     ___   _____   ___   ___  
 |_   _| | __| / __| |_   _|   / __| |_   _|   /_\   | _ \ |_   _| | __| |   \ 
   | |   | _|  \__ \   | |     \__ \   | |    / _ \  |   /   | |   | _|  | |) |
   |_|   |___| |___/   |_|     |___/   |_|   /_/ \_\ |_|_\   |_|   |___| |___/ 

User fails to edit a promo due to invalid PromoID(edit-promo-by-promoid;user-fails-to-edit-a-promo-due-to-invalid-promoid)
--------------------------------------------------------------------------------
  &amp#27;[32mGiven &amp#27;[0m&amp#27;[32mI set an invalid API endpoint for editing a promo by PromoID&amp#27;[0m              &amp#27;[90m# starter.stepdefinitions.promo.admin.UpdatePromoByPromoIDSteps.givenISetInvalidAPIEndpointForEditingPromoByPromoID()&amp#27;[0m
  &amp#27;[32mWhen &amp#27;[0m&amp#27;[32mI send a PUT request to edit the promo with valid data but invalid PromoID&amp#27;[0m &amp#27;[90m# starter.stepdefinitions.promo.admin.UpdatePromoByPromoIDSteps.whenISendPUTRequestToEditPromoWithValidDataButInvalidPromoID()&amp#27;[0m
  &amp#27;[31mThen &amp#27;[0m&amp#27;[31mI receive status code 404&amp#27;[0m                                                  &amp#27;[90m# starter.stepdefinitions.auth.CustomerRegisterSteps.receiveStatusCodeRegister404()&amp#27;[0m
      &amp#27;[31mjava.lang.AssertionError: 1 expectation failed.
Expected status code <404> but was <500>.

	at java.base/jdk.internal.reflect.NativeConstructorAccessorImpl.newInstance0(Native Method)
	at java.base/jdk.internal.reflect.NativeConstructorAccessorImpl.newInstance(NativeConstructorAccessorImpl.java:77)
	at java.base/jdk.internal.reflect.DelegatingConstructorAccessorImpl.newInstance(DelegatingConstructorAccessorImpl.java:45)
	at java.base/java.lang.reflect.Constructor.newInstanceWithCaller(Constructor.java:499)
	at java.base/java.lang.reflect.Constructor.newInstance(Constructor.java:480)
	at org.codehaus.groovy.reflection.CachedConstructor.invoke(CachedConstructor.java:73)
	at org.codehaus.groovy.runtime.callsite.ConstructorSite$ConstructorSiteNoUnwrapNoCoerce.callConstructor(ConstructorSite.java:108)
	at org.codehaus.groovy.runtime.callsite.AbstractCallSite.callConstructor(AbstractCallSite.java:277)
	at io.restassured.internal.ResponseSpecificationImpl$HamcrestAssertionClosure.validate(ResponseSpecificationImpl.groovy:512)
	at io.restassured.internal.ResponseSpecificationImpl$HamcrestAssertionClosure$validate$1.call(Unknown Source)
	at io.restassured.internal.ResponseSpecificationImpl.validateResponseIfRequired(ResponseSpecificationImpl.groovy:696)
	at io.restassured.internal.ResponseSpecificationImpl.this$2$validateResponseIfRequired(ResponseSpecificationImpl.groovy)
	at jdk.internal.reflect.GeneratedMethodAccessor74.invoke(Unknown Source)
	at java.base/jdk.internal.reflect.DelegatingMethodAccessorImpl.invoke(DelegatingMethodAccessorImpl.java:43)
	at java.base/java.lang.reflect.Method.invoke(Method.java:568)
	at org.codehaus.groovy.runtime.callsite.PlainObjectMetaMethodSite.doInvoke(PlainObjectMetaMethodSite.java:43)
	at org.codehaus.groovy.runtime.callsite.PogoMetaMethodSite$PogoCachedMethodSiteNoUnwrapNoCoerce.invoke(PogoMetaMethodSite.java:198)
	at org.codehaus.groovy.runtime.callsite.PogoMetaMethodSite.callCurrent(PogoMetaMethodSite.java:62)
	at org.codehaus.groovy.runtime.callsite.AbstractCallSite.callCurrent(AbstractCallSite.java:185)
	at io.restassured.internal.ResponseSpecificationImpl.statusCode(ResponseSpecificationImpl.groovy:135)
	at io.restassured.specification.ResponseSpecification$statusCode$0.callCurrent(Unknown Source)
	at io.restassured.internal.ResponseSpecificationImpl.statusCode(ResponseSpecificationImpl.groovy:143)
	at io.restassured.internal.ValidatableResponseOptionsImpl.statusCode(ValidatableResponseOptionsImpl.java:89)
	at starter.user.auth.CustomerRegister.lambda$receiveStatusCodeRegister404$9(CustomerRegister.java:106)
	at net.serenitybdd.rest.SerenityRest.restAssuredThat(SerenityRest.java:626)
	at starter.user.auth.CustomerRegister.receiveStatusCodeRegister404(CustomerRegister.java:106)
	at starter.stepdefinitions.auth.CustomerRegisterSteps.receiveStatusCodeRegister404(CustomerRegisterSteps.java:51)
	at âœ½.I receive status code 404(file:///F:/Alterra/Capstone/API/Blueharvest-API/Blueharvest%20-%20API/src/test/resources/blueharvest-api/features/api/promo/Admin/UpdatePromoByPromoID.feature:20)
&amp#27;[0m
]]></system-out>
  </testcase>
</testsuite>