<?xml version="1.0" encoding="UTF-8" standalone="no"?><testsuite errors="0" failures="2" name="GET All Farm" skipped="0" tests="3" time="0.08" timestamp="2024-06-13 10:21:13"><testcase name="User retrieves all farm details successfully"/><testcase name="User fails to retrieve all farm details due to invalid endpoint"><failure message="1 expectation failed.&#10;Expected status code &lt;404&gt; but was &lt;500&gt;.&#10;" type="java.lang.AssertionError">1 expectation failed.
Expected status code &lt;404&gt; but was &lt;500&gt;.
</failure><system-err>1 expectation failed.
Expected status code &lt;404&gt; but was &lt;500&gt;.
&#13;
io.restassured.internal.ResponseSpecificationImpl.validateResponseIfRequired(ResponseSpecificationImpl.groovy:696)&#13;
io.restassured.internal.ResponseSpecificationImpl.this$2$validateResponseIfRequired(ResponseSpecificationImpl.groovy)&#13;
io.restassured.internal.ResponseSpecificationImpl.statusCode(ResponseSpecificationImpl.groovy:135)&#13;
io.restassured.internal.ResponseSpecificationImpl.statusCode(ResponseSpecificationImpl.groovy:143)&#13;
io.restassured.internal.ValidatableResponseOptionsImpl.statusCode(ValidatableResponseOptionsImpl.java:89)&#13;
starter.user.auth.CustomerRegister.lambda$receiveStatusCodeRegister404$9(CustomerRegister.java:106)&#13;
net.serenitybdd.rest.SerenityRest.restAssuredThat(SerenityRest.java:626)&#13;
starter.user.auth.CustomerRegister.receiveStatusCodeRegister404(CustomerRegister.java:106)&#13;
starter.stepdefinitions.auth.CustomerRegisterSteps.receiveStatusCodeRegister404(CustomerRegisterSteps.java:51)&#13;
✽.I receive status code 404(file:///F:/Alterra/Capstone/API/Blueharvest-API/Blueharvest%20-%20API/src/test/resources/blueharvest-api/features/api/farm/GetAllFarm.feature:16)&#13;
</system-err></testcase><testcase name="User fails to retrieve all farm details due to unauthorized access"><failure message="1 expectation failed.&#10;Expected status code &lt;404&gt; but was &lt;500&gt;.&#10;" type="java.lang.AssertionError">1 expectation failed.
Expected status code &lt;404&gt; but was &lt;500&gt;.
</failure><system-err>1 expectation failed.
Expected status code &lt;404&gt; but was &lt;500&gt;.
&#13;
io.restassured.internal.ResponseSpecificationImpl.validateResponseIfRequired(ResponseSpecificationImpl.groovy:696)&#13;
io.restassured.internal.ResponseSpecificationImpl.this$2$validateResponseIfRequired(ResponseSpecificationImpl.groovy)&#13;
io.restassured.internal.ResponseSpecificationImpl.statusCode(ResponseSpecificationImpl.groovy:135)&#13;
io.restassured.internal.ResponseSpecificationImpl.statusCode(ResponseSpecificationImpl.groovy:143)&#13;
io.restassured.internal.ValidatableResponseOptionsImpl.statusCode(ValidatableResponseOptionsImpl.java:89)&#13;
starter.user.auth.CustomerRegister.lambda$receiveStatusCodeRegister404$9(CustomerRegister.java:106)&#13;
net.serenitybdd.rest.SerenityRest.restAssuredThat(SerenityRest.java:626)&#13;
starter.user.auth.CustomerRegister.receiveStatusCodeRegister404(CustomerRegister.java:106)&#13;
starter.stepdefinitions.auth.CustomerRegisterSteps.receiveStatusCodeRegister404(CustomerRegisterSteps.java:51)&#13;
✽.I receive status code 404(file:///F:/Alterra/Capstone/API/Blueharvest-API/Blueharvest%20-%20API/src/test/resources/blueharvest-api/features/api/farm/GetAllFarm.feature:21)&#13;
</system-err></testcase></testsuite>