<?xml version="1.0" encoding="UTF-8" standalone="no"?><testsuite errors="0" failures="1" name="Get Farm By FarmID" skipped="0" tests="3" time="0.06" timestamp="2024-06-13 10:21:14"><testcase name="User retrieves farm details by valid FarmID"/><testcase name="User fails to retrieve farm details by invalid FarmID"><failure message="1 expectation failed.&#10;Expected status code &lt;400&gt; but was &lt;500&gt;.&#10;" type="java.lang.AssertionError">1 expectation failed.
Expected status code &lt;400&gt; but was &lt;500&gt;.
</failure><system-err>1 expectation failed.
Expected status code &lt;400&gt; but was &lt;500&gt;.
&#13;
io.restassured.internal.ResponseSpecificationImpl.validateResponseIfRequired(ResponseSpecificationImpl.groovy:696)&#13;
io.restassured.internal.ResponseSpecificationImpl.this$2$validateResponseIfRequired(ResponseSpecificationImpl.groovy)&#13;
io.restassured.internal.ResponseSpecificationImpl.statusCode(ResponseSpecificationImpl.groovy:135)&#13;
io.restassured.internal.ResponseSpecificationImpl.statusCode(ResponseSpecificationImpl.groovy:143)&#13;
io.restassured.internal.ValidatableResponseOptionsImpl.statusCode(ValidatableResponseOptionsImpl.java:89)&#13;
starter.user.auth.CustomerRegister.lambda$receiveStatusCodeRegister400$8(CustomerRegister.java:101)&#13;
net.serenitybdd.rest.SerenityRest.restAssuredThat(SerenityRest.java:626)&#13;
starter.user.auth.CustomerRegister.receiveStatusCodeRegister400(CustomerRegister.java:101)&#13;
starter.stepdefinitions.auth.CustomerRegisterSteps.receiveStatusCodeRegister400(CustomerRegisterSteps.java:47)&#13;
✽.I receive status code 400(file:///F:/Alterra/Capstone/API/Blueharvest-API/Blueharvest%20-%20API/src/test/resources/blueharvest-api/features/api/farm/GetFarmByFarmID.feature:15)&#13;
</system-err></testcase><testcase name="User fails to retrieve farm details with missing FarmID"/></testsuite>